[debug] [2021-04-13T13:31:27.403Z] ----------------------------------------------------------------------
[debug] [2021-04-13T13:31:27.406Z] Command:       /usr/local/bin/node /usr/local/bin/firebase init
[debug] [2021-04-13T13:31:27.406Z] CLI Version:   9.9.0
[debug] [2021-04-13T13:31:27.407Z] Platform:      darwin
[debug] [2021-04-13T13:31:27.407Z] Node Version:  v14.16.0
[debug] [2021-04-13T13:31:27.417Z] Time:          Tue Apr 13 2021 08:31:27 GMT-0500 (Colombia Standard Time)
[debug] [2021-04-13T13:31:27.417Z] ----------------------------------------------------------------------
[debug] 
[debug] [2021-04-13T13:31:27.430Z] > command requires scopes: ["email","openid","https://www.googleapis.com/auth/cloudplatformprojects.readonly","https://www.googleapis.com/auth/firebase","https://www.googleapis.com/auth/cloud-platform"]
[debug] [2021-04-13T13:31:27.430Z] > authorizing via signed-in user (andreshadechine@gmail.com)
[info] 
     ######## #### ########  ######## ########     ###     ######  ########
     ##        ##  ##     ## ##       ##     ##  ##   ##  ##       ##
     ######    ##  ########  ######   ########  #########  ######  ######
     ##        ##  ##    ##  ##       ##     ## ##     ##       ## ##
     ##       #### ##     ## ######## ########  ##     ##  ######  ########

You're about to initialize a Firebase project in this directory:

  /Users/mackbookpro/Desktop/Training/ejercicio-chat/chat-sofka

Before we get started, keep in mind:

  * You are initializing in an existing Firebase project directory

[info] 
=== Project Setup
[info] 
[info] First, let's associate this project directory with a Firebase project.
[info] You can create multiple project aliases by running firebase use --add, 
[info] but for now we'll just set up a default project.
[info] 
[info] i  .firebaserc already has a default project, using andresh-sofkachat. 
[debug] [2021-04-13T13:32:09.668Z] > refreshing access token with scopes: []
[debug] [2021-04-13T13:32:09.669Z] >>> HTTP REQUEST POST https://www.googleapis.com/oauth2/v3/token  
 <request body omitted>
[debug] [2021-04-13T13:32:09.938Z] <<< HTTP RESPONSE 200 {"pragma":"no-cache","cache-control":"no-cache, no-store, max-age=0, must-revalidate","date":"Tue, 13 Apr 2021 13:32:09 GMT","expires":"Mon, 01 Jan 1990 00:00:00 GMT","content-type":"application/json; charset=utf-8","vary":"X-Origin, Referer, Origin,Accept-Encoding","server":"scaffolding on HTTPServer2","x-xss-protection":"0","x-frame-options":"SAMEORIGIN","x-content-type-options":"nosniff","alt-svc":"h3-29=\":443\"; ma=2592000,h3-T051=\":443\"; ma=2592000,h3-Q050=\":443\"; ma=2592000,h3-Q046=\":443\"; ma=2592000,h3-Q043=\":443\"; ma=2592000,quic=\":443\"; ma=2592000; v=\"46,43\"","accept-ranges":"none","transfer-encoding":"chunked"}
[debug] [2021-04-13T13:32:09.960Z] >>> [apiv2][query] GET https://firebase.googleapis.com/v1beta1/projects/andresh-sofkachat [none]
[debug] [2021-04-13T13:32:10.352Z] <<< [apiv2][status] GET https://firebase.googleapis.com/v1beta1/projects/andresh-sofkachat 200
[debug] [2021-04-13T13:32:10.352Z] <<< [apiv2][body] GET https://firebase.googleapis.com/v1beta1/projects/andresh-sofkachat {"projectId":"andresh-sofkachat","projectNumber":"148733954263","displayName":"andresh-sofkachat","name":"projects/andresh-sofkachat","resources":{"hostingSite":"andresh-sofkachat","realtimeDatabaseInstance":"andresh-sofkachat-default-rtdb","storageBucket":"andresh-sofkachat.appspot.com","locationId":"us-central"},"state":"ACTIVE"}
[info] 
=== Firestore Setup
[debug] [2021-04-13T13:32:10.355Z] > refreshing access token with scopes: ["email","https://www.googleapis.com/auth/cloud-platform","https://www.googleapis.com/auth/cloudplatformprojects.readonly","https://www.googleapis.com/auth/firebase","openid"]
[debug] [2021-04-13T13:32:10.356Z] >>> HTTP REQUEST POST https://www.googleapis.com/oauth2/v3/token  
 <request body omitted>
[debug] [2021-04-13T13:32:10.589Z] <<< HTTP RESPONSE 200 {"pragma":"no-cache","cache-control":"no-cache, no-store, max-age=0, must-revalidate","date":"Tue, 13 Apr 2021 13:32:10 GMT","expires":"Mon, 01 Jan 1990 00:00:00 GMT","content-type":"application/json; charset=utf-8","vary":"X-Origin, Referer, Origin,Accept-Encoding","server":"scaffolding on HTTPServer2","x-xss-protection":"0","x-frame-options":"SAMEORIGIN","x-content-type-options":"nosniff","alt-svc":"h3-29=\":443\"; ma=2592000,h3-T051=\":443\"; ma=2592000,h3-Q050=\":443\"; ma=2592000,h3-Q046=\":443\"; ma=2592000,h3-Q043=\":443\"; ma=2592000,quic=\":443\"; ma=2592000; v=\"46,43\"","accept-ranges":"none","transfer-encoding":"chunked"}
[debug] [2021-04-13T13:32:10.631Z] >>> HTTP REQUEST GET https://serviceusage.googleapis.com/v1/projects/andresh-sofkachat/services/firestore.googleapis.com  
 
[debug] [2021-04-13T13:32:11.423Z] <<< HTTP RESPONSE 200 {"content-type":"application/json; charset=UTF-8","vary":"X-Origin, Referer, Origin,Accept-Encoding","date":"Tue, 13 Apr 2021 13:32:11 GMT","server":"ESF","cache-control":"private","x-xss-protection":"0","x-frame-options":"SAMEORIGIN","x-content-type-options":"nosniff","alt-svc":"h3-29=\":443\"; ma=2592000,h3-T051=\":443\"; ma=2592000,h3-Q050=\":443\"; ma=2592000,h3-Q046=\":443\"; ma=2592000,h3-Q043=\":443\"; ma=2592000,quic=\":443\"; ma=2592000; v=\"46,43\"","accept-ranges":"none","transfer-encoding":"chunked"}
[debug] [2021-04-13T13:32:11.424Z] >>> HTTP REQUEST GET https://appengine.googleapis.com/v1/apps/andresh-sofkachat  
 
[debug] [2021-04-13T13:32:12.055Z] <<< HTTP RESPONSE 200 {"content-type":"application/json; charset=UTF-8","vary":"X-Origin, Referer, Origin,Accept-Encoding","date":"Tue, 13 Apr 2021 13:32:12 GMT","server":"ESF","cache-control":"private","x-xss-protection":"0","x-frame-options":"SAMEORIGIN","x-content-type-options":"nosniff","alt-svc":"h3-29=\":443\"; ma=2592000,h3-T051=\":443\"; ma=2592000,h3-Q050=\":443\"; ma=2592000,h3-Q046=\":443\"; ma=2592000,h3-Q043=\":443\"; ma=2592000,quic=\":443\"; ma=2592000; v=\"46,43\"","accept-ranges":"none","transfer-encoding":"chunked"}
[debug] [2021-04-13T13:32:12.056Z] database_type: CLOUD_FIRESTORE
[debug] [2021-04-13T13:32:12.057Z] > command requires scopes: ["email","openid","https://www.googleapis.com/auth/cloudplatformprojects.readonly","https://www.googleapis.com/auth/firebase","https://www.googleapis.com/auth/cloud-platform"]
[debug] [2021-04-13T13:32:12.057Z] > authorizing via signed-in user (andreshadechine@gmail.com)
[debug] [2021-04-13T13:32:12.057Z] [iam] checking project andresh-sofkachat for permissions ["firebase.projects.get"]
[debug] [2021-04-13T13:32:12.058Z] >>> HTTP REQUEST POST https://cloudresourcemanager.googleapis.com/v1/projects/andresh-sofkachat:testIamPermissions  
 {"permissions":["firebase.projects.get"]}
[debug] [2021-04-13T13:32:12.606Z] <<< HTTP RESPONSE 200 {"content-type":"application/json; charset=UTF-8","vary":"X-Origin, Referer, Origin,Accept-Encoding","date":"Tue, 13 Apr 2021 13:32:12 GMT","server":"ESF","cache-control":"private","x-xss-protection":"0","x-frame-options":"SAMEORIGIN","x-content-type-options":"nosniff","server-timing":"gfet4t7; dur=350","alt-svc":"h3-29=\":443\"; ma=2592000,h3-T051=\":443\"; ma=2592000,h3-Q050=\":443\"; ma=2592000,h3-Q046=\":443\"; ma=2592000,h3-Q043=\":443\"; ma=2592000,quic=\":443\"; ma=2592000; v=\"46,43\"","accept-ranges":"none","transfer-encoding":"chunked"}
[info] 
[info] Firestore Security Rules allow you to define how and when to allow
[info] requests. You can keep these rules in your project directory
[info] and publish them with firebase deploy.
[info] 
[debug] [2021-04-13T13:33:07.300Z] >>> HTTP REQUEST GET https://firebaserules.googleapis.com/v1/projects/andresh-sofkachat/releases?pageSize=10&pageToken=  
 
[debug] [2021-04-13T13:33:08.626Z] <<< HTTP RESPONSE 200 {"content-type":"application/json; charset=UTF-8","vary":"X-Origin, Referer, Origin,Accept-Encoding","date":"Tue, 13 Apr 2021 13:33:08 GMT","server":"ESF","cache-control":"private","x-xss-protection":"0","x-frame-options":"SAMEORIGIN","x-content-type-options":"nosniff","alt-svc":"h3-29=\":443\"; ma=2592000,h3-T051=\":443\"; ma=2592000,h3-Q050=\":443\"; ma=2592000,h3-Q046=\":443\"; ma=2592000,h3-Q043=\":443\"; ma=2592000,quic=\":443\"; ma=2592000; v=\"46,43\"","accept-ranges":"none","transfer-encoding":"chunked"}
[debug] [2021-04-13T13:33:08.628Z] Found ruleset: projects/andresh-sofkachat/rulesets/a8c54856-6d97-4159-8a38-281418664b87
[debug] [2021-04-13T13:33:08.629Z] >>> HTTP REQUEST GET https://firebaserules.googleapis.com/v1/projects/andresh-sofkachat/rulesets/a8c54856-6d97-4159-8a38-281418664b87  
 
[debug] [2021-04-13T13:33:08.867Z] <<< HTTP RESPONSE 200 {"content-type":"application/json; charset=UTF-8","vary":"X-Origin, Referer, Origin,Accept-Encoding","date":"Tue, 13 Apr 2021 13:33:08 GMT","server":"ESF","cache-control":"private","x-xss-protection":"0","x-frame-options":"SAMEORIGIN","x-content-type-options":"nosniff","alt-svc":"h3-29=\":443\"; ma=2592000,h3-T051=\":443\"; ma=2592000,h3-Q050=\":443\"; ma=2592000,h3-Q046=\":443\"; ma=2592000,h3-Q043=\":443\"; ma=2592000,quic=\":443\"; ma=2592000; v=\"46,43\"","accept-ranges":"none","transfer-encoding":"chunked"}
[info] 
[info] Firestore indexes allow you to perform complex queries while
[info] maintaining performance that scales with the size of the result
[info] set. You can keep index definitions in your project directory
[info] and publish them with firebase deploy.
[info] 
[debug] [2021-04-13T13:33:35.199Z] >>> HTTP REQUEST GET https://firestore.googleapis.com/v1/projects/andresh-sofkachat/databases/(default)/collectionGroups/-/indexes  
 
[debug] [2021-04-13T13:33:35.201Z] >>> HTTP REQUEST GET https://firestore.googleapis.com/v1/projects/andresh-sofkachat/databases/(default)/collectionGroups/-/fields?filter=indexConfig.usesAncestorConfig=false  
 
[debug] [2021-04-13T13:33:35.993Z] <<< HTTP RESPONSE 200 {"content-type":"application/json; charset=UTF-8","vary":"X-Origin, Referer, Origin,Accept-Encoding","date":"Tue, 13 Apr 2021 13:33:35 GMT","server":"ESF","cache-control":"private","x-xss-protection":"0","x-frame-options":"SAMEORIGIN","x-content-type-options":"nosniff","alt-svc":"h3-29=\":443\"; ma=2592000,h3-T051=\":443\"; ma=2592000,h3-Q050=\":443\"; ma=2592000,h3-Q046=\":443\"; ma=2592000,h3-Q043=\":443\"; ma=2592000,quic=\":443\"; ma=2592000; v=\"46,43\"","accept-ranges":"none","transfer-encoding":"chunked"}
[debug] [2021-04-13T13:33:36.007Z] <<< HTTP RESPONSE 200 {"content-type":"application/json; charset=UTF-8","vary":"X-Origin, Referer, Origin,Accept-Encoding","date":"Tue, 13 Apr 2021 13:33:35 GMT","server":"ESF","cache-control":"private","x-xss-protection":"0","x-frame-options":"SAMEORIGIN","x-content-type-options":"nosniff","alt-svc":"h3-29=\":443\"; ma=2592000,h3-T051=\":443\"; ma=2592000,h3-Q050=\":443\"; ma=2592000,h3-Q046=\":443\"; ma=2592000,h3-Q043=\":443\"; ma=2592000,quic=\":443\"; ma=2592000; v=\"46,43\"","accept-ranges":"none","transfer-encoding":"chunked"}
[info] 
=== Hosting Setup
[info] 
[info] Your public directory is the folder (relative to your project directory) that
[info] will contain Hosting assets to be uploaded with firebase deploy. If you
[info] have a build process for your assets, use your build's output directory.
[info] 
